2021-06-07 10:38:59 info: XVBA Live Server extension is now active!
2021-06-07 10:38:59 debug: Start Watch Excel Export VBA Files
2021-06-07 10:38:59 debug: Start Run Macro Server
2021-06-07 10:38:59 info: XVBA Ribbon Starts
2021-06-07 17:20:27 debug: Close Watch Excel Export VBA Files
2021-06-07 18:15:00 info: XVBA Live Server extension is now active!
2021-06-07 18:15:00 debug: Start Watch Excel Export VBA Files
2021-06-07 18:15:00 debug: Start Run Macro Server
2021-06-07 18:15:00 info: XVBA Ribbon Starts
2021-06-08 19:11:33 debug: Close Watch Excel Export VBA Files
2021-06-09 11:18:54 info: XVBA Live Server extension is now active!
2021-06-09 11:18:54 debug: Start Watch Excel Export VBA Files
2021-06-09 11:18:54 debug: Start Run Macro Server
2021-06-09 11:18:54 info: XVBA Ribbon Starts
2021-06-09 11:33:46 debug: Close Watch Excel Export VBA Files
2021-06-09 14:35:58 info: XVBA Live Server extension is now active!
2021-06-09 14:35:58 debug: Start Watch Excel Export VBA Files
2021-06-09 14:35:58 debug: Start Run Macro Server
2021-06-09 14:35:58 info: XVBA Ribbon Starts
2021-06-10 11:29:25 debug: Close Watch Excel Export VBA Files
2021-06-10 12:44:01 info: XVBA Live Server extension is now active!
2021-06-10 12:44:01 debug: Start Watch Excel Export VBA Files
2021-06-10 12:44:01 debug: Start Run Macro Server
2021-06-10 12:44:01 info: XVBA Ribbon Starts
2021-06-11 14:58:49 info: XVBA Live Server extension is now active!
2021-06-11 14:58:49 info: XVBA Ribbon Starts
2021-06-11 14:58:49 debug: Start Watch Excel Export VBA Files
2021-06-11 14:58:49 debug: Start Run Macro Server
2021-06-11 16:20:14 debug: Close Watch Excel Export VBA Files
2021-06-11 19:07:06 info: XVBA Live Server extension is now active!
2021-06-11 19:07:06 debug: Start Watch Excel Export VBA Files
2021-06-11 19:07:06 debug: Start Run Macro Server
2021-06-11 19:07:06 info: XVBA Ribbon Starts
2021-06-11 19:09:20 debug: Close Watch Excel Export VBA Files
2021-06-11 19:09:29 info: XVBA Live Server extension is now active!
2021-06-11 19:09:29 debug: Start Watch Excel Export VBA Files
2021-06-11 19:09:29 debug: Start Run Macro Server
2021-06-11 19:09:29 info: XVBA Ribbon Starts
2021-06-11 19:15:25 debug: Close Watch Excel Export VBA Files
2021-06-17 11:07:49 info: XVBA Live Server extension is now active!
2021-06-17 11:07:49 debug: Start Watch Excel Export VBA Files
2021-06-17 11:07:49 debug: Start Run Macro Server
2021-06-17 11:07:49 info: XVBA Ribbon Starts
